[01.04.2024 - 19:22:53] GET:/ 200
[01.04.2024 - 19:24:01] GET:/ 200
[02.04.2024 - 16:41:48] GET:/ 200
[02.04.2024 - 16:41:50] GET:/favicon.ico 200
[02.04.2024 - 16:45:47] GET:/ 200
[02.04.2024 - 16:46:00] GET:/ 200
[02.04.2024 - 16:46:32] GET:/ 200
[02.04.2024 - 16:47:03] GET:/ 200
[02.04.2024 - 16:47:34] GET:/ 200
[02.04.2024 - 16:47:37] GET:/ 200
[02.04.2024 - 16:57:47] GET:/api/v1/users 200
[02.04.2024 - 16:59:02] GET:/api/v1/users 200
[02.04.2024 - 17:38:41] GET:/users 200
[02.04.2024 - 17:45:12] GET:/users 200
[02.04.2024 - 17:46:10] GET:/users 200
[02.04.2024 - 17:47:16] GET:/api/v1/users 200
[02.04.2024 - 17:47:51] GET:/api/v1/users 200
[02.04.2024 - 17:48:05] GET:/api/v1/users 200
[02.04.2024 - 17:48:59] GET:/api/v1/users 200
[02.04.2024 - 22:46:08] GET:/api/v1/users 200
[02.04.2024 - 22:46:14] GET:/api/v1/users 200
[02.04.2024 - 22:46:37] GET:/ 200
[03.04.2024 - 00:09:15] GET:/api/v1/users 200
[03.04.2024 - 00:10:06] GET:/api/v1/users 200
[03.04.2024 - 00:12:42] GET:/api/v1/users 200
[03.04.2024 - 00:14:23] GET:/api/v1/users 200
[03.04.2024 - 13:18:14] GET:/ 200
[03.04.2024 - 13:19:09] POST:/api/v1/users 200
[03.04.2024 - 13:19:36] GET:/api/v1/users 200
[03.04.2024 - 13:21:03] GET:/api/v1/users 200
[03.04.2024 - 13:28:51] POST:/api/v1/users 200
[03.04.2024 - 13:29:32] POST:/api/v1/users 200
[03.04.2024 - 13:30:30] POST:/api/v1/users 200
[03.04.2024 - 13:44:55] POST:/api/v1/users 200
[03.04.2024 - 13:47:53] POST:/api/v1/users 200
[03.04.2024 - 13:52:33] POST:/api/v1/users 200
[03.04.2024 - 13:53:05] POST:/api/v1/users 200
[03.04.2024 - 13:55:12] POST:/api/v1/users 200
[03.04.2024 - 13:57:16] POST:/api/v1/users 200
[03.04.2024 - 13:58:29] POST:/api/v1/users 200
[03.04.2024 - 14:00:02] POST:/api/v1/users 200
[03.04.2024 - 14:01:18] POST:/api/v1/users 200
[03.04.2024 - 14:02:31] POST:/api/v1/users 200
[03.04.2024 - 14:03:07] POST:/api/v1/users 200
[03.04.2024 - 14:06:41] POST:/api/v1/users 200
[03.04.2024 - 14:06:48] POST:/api/v1/users 200
[03.04.2024 - 19:22:52] GET:/api/v1/users%0A 200
[03.04.2024 - 19:23:48] GET:/api/v1/users/%0A 200
[03.04.2024 - 19:24:29] GET:/api/v1/users 200
[03.04.2024 - 19:25:12] GET:/api/v1/users 200
[03.04.2024 - 19:33:58] GET:/api/v1/users 200
[03.04.2024 - 19:47:05] GET:/api/v1/users 200
[03.04.2024 - 19:48:27] POST:/api/v1/users 200
[03.04.2024 - 20:00:28] POST:/api/v1/users 200
[03.04.2024 - 20:01:25] POST:/api/v1/users 200
[03.04.2024 - 20:02:10] POST:/api/v1/users 200
[03.04.2024 - 20:02:25] POST:/api/v1/users 200
[03.04.2024 - 20:05:16] POST:/api/v1/users 200
[09.04.2024 - 18:42:06] POST:/api/v1/users 200
[09.04.2024 - 18:43:31] POST:/api/v1/users 200
[09.04.2024 - 18:45:56] POST:/api/v1/users 200
[09.04.2024 - 18:52:37] POST:/api/v1/users 200
[09.04.2024 - 18:56:59] POST:/api/v1/users 200
[09.04.2024 - 18:57:32] POST:/api/v1/users 200
[09.04.2024 - 19:32:34] POST:/api/v1/users 200
[09.04.2024 - 19:33:39] POST:/api/v1/users 200
[09.04.2024 - 19:34:14] POST:/api/v1/users 200
[20.04.2024 - 19:04:11] OPTIONS:/user/register 200
[20.04.2024 - 19:10:02] OPTIONS:/user/register 200
[20.04.2024 - 19:10:25] OPTIONS:/user/register 200
[20.04.2024 - 19:13:53] POST:/user/create 200
[20.04.2024 - 19:15:17] POST:/user 200
[20.04.2024 - 19:19:57] OPTIONS:/api/v1/users 200
[20.04.2024 - 19:19:57] POST:/api/v1/users 200
[20.04.2024 - 19:21:05] POST:/api/v1/users 200
[20.04.2024 - 19:21:47] OPTIONS:/api/v1/users 200
[20.04.2024 - 19:21:48] POST:/api/v1/users 200
[20.04.2024 - 19:22:41] OPTIONS:/api/v1/users 200
[20.04.2024 - 19:29:20] OPTIONS:/api/v1/users 200
[20.04.2024 - 19:29:20] POST:/api/v1/users 200
[20.04.2024 - 19:31:13] OPTIONS:/api/v1/users 200
[20.04.2024 - 19:31:13] POST:/api/v1/users 200
[20.04.2024 - 19:31:38] OPTIONS:/api/v1/users/login 200
[20.04.2024 - 19:31:38] POST:/api/v1/users/login 200
[20.04.2024 - 19:32:53] OPTIONS:/api/v1/users/login 200
[20.04.2024 - 19:32:53] POST:/api/v1/users/login 200
[20.04.2024 - 19:33:08] OPTIONS:/api/v1/users/login 200
[20.04.2024 - 19:33:08] POST:/api/v1/users/login 200
[20.04.2024 - 19:36:03] OPTIONS:/api/v1/users/login 200
[20.04.2024 - 19:36:03] POST:/api/v1/users/login 200
[20.04.2024 - 19:36:28] OPTIONS:/api/v1/users/login 200
[20.04.2024 - 19:36:28] POST:/api/v1/users/login 200
[20.04.2024 - 19:39:55] OPTIONS:/api/v1/users 200
[20.04.2024 - 19:39:55] POST:/api/v1/users 200
[20.04.2024 - 19:40:24] OPTIONS:/api/v1/users/login 200
[20.04.2024 - 19:40:24] POST:/api/v1/users/login 200
[20.04.2024 - 19:53:48] OPTIONS:/api/v1/users/login 200
[20.04.2024 - 19:53:48] POST:/api/v1/users/login 200
[20.04.2024 - 19:54:13] OPTIONS:/api/v1/users/login 200
[20.04.2024 - 19:54:13] POST:/api/v1/users/login 200
[20.04.2024 - 19:55:17] OPTIONS:/api/v1/users/login 200
[20.04.2024 - 19:55:17] POST:/api/v1/users/login 200
[20.04.2024 - 19:55:26] OPTIONS:/api/v1/users/login 200
[20.04.2024 - 19:55:26] POST:/api/v1/users/login 200
[20.04.2024 - 19:55:33] OPTIONS:/api/v1/users/login 200
[20.04.2024 - 19:55:33] POST:/api/v1/users/login 200
[20.04.2024 - 19:55:56] OPTIONS:/api/v1/users/login 200
[20.04.2024 - 19:55:56] POST:/api/v1/users/login 200
[20.04.2024 - 19:56:28] OPTIONS:/api/v1/users/login 200
[20.04.2024 - 19:56:28] POST:/api/v1/users/login 200
[20.04.2024 - 19:56:34] OPTIONS:/api/v1/users/login 200
[20.04.2024 - 19:56:34] POST:/api/v1/users/login 200
[20.04.2024 - 19:57:07] OPTIONS:/api/v1/users/login 200
[20.04.2024 - 20:01:31] OPTIONS:/api/v1/users/login 200
[20.04.2024 - 20:01:31] POST:/api/v1/users/login 200
[20.04.2024 - 20:02:00] OPTIONS:/api/v1/users/login 200
[20.04.2024 - 20:02:00] POST:/api/v1/users/login 200
